<?xml version="1.0" encoding="UTF-8"?>
<testng-results skipped="0" failed="0" ignored="0" total="28" passed="28">
  <reporter-output>
  </reporter-output>
  <suite name="restassuredtestsuit" duration-ms="20535" started-at="2020-08-03T20:22:01Z" finished-at="2020-08-03T20:22:22Z">
    <groups>
    </groups>
    <test name="restassuredtests" duration-ms="20535" started-at="2020-08-03T20:22:01Z" finished-at="2020-08-03T20:22:22Z">
      <class name="com.RestAssuredFramework_Testcases.FrameworkTC.TC001_getAllEmployees">
        <test-method status="PASS" signature="setup()[pri:0, instance:com.RestAssuredFramework_Testcases.FrameworkTC.TC001_getAllEmployees@204f30ec]" name="setup" is-config="true" duration-ms="106" started-at="2020-08-03T20:22:02Z" finished-at="2020-08-03T20:22:02Z">
          <reporter-output>
          </reporter-output>
        </test-method> <!-- setup -->
        <test-method status="PASS" signature="getAllEmployees()[pri:0, instance:com.RestAssuredFramework_Testcases.FrameworkTC.TC001_getAllEmployees@204f30ec]" name="getAllEmployees" is-config="true" duration-ms="4637" started-at="2020-08-03T20:22:02Z" finished-at="2020-08-03T20:22:07Z">
          <reporter-output>
          </reporter-output>
        </test-method> <!-- getAllEmployees -->
        <test-method status="PASS" signature="checkContentEncoding()[pri:0, instance:com.RestAssuredFramework_Testcases.FrameworkTC.TC001_getAllEmployees@204f30ec]" name="checkContentEncoding" duration-ms="12" started-at="2020-08-03T20:22:07Z" finished-at="2020-08-03T20:22:07Z">
          <reporter-output>
          </reporter-output>
        </test-method> <!-- checkContentEncoding -->
        <test-method status="PASS" signature="checkContentLength()[pri:0, instance:com.RestAssuredFramework_Testcases.FrameworkTC.TC001_getAllEmployees@204f30ec]" name="checkContentLength" duration-ms="3" started-at="2020-08-03T20:22:07Z" finished-at="2020-08-03T20:22:07Z">
          <reporter-output>
          </reporter-output>
        </test-method> <!-- checkContentLength -->
        <test-method status="PASS" signature="checkContentType()[pri:0, instance:com.RestAssuredFramework_Testcases.FrameworkTC.TC001_getAllEmployees@204f30ec]" name="checkContentType" duration-ms="5" started-at="2020-08-03T20:22:07Z" finished-at="2020-08-03T20:22:07Z">
          <reporter-output>
          </reporter-output>
        </test-method> <!-- checkContentType -->
        <test-method status="PASS" signature="checkResponseBody()[pri:0, instance:com.RestAssuredFramework_Testcases.FrameworkTC.TC001_getAllEmployees@204f30ec]" name="checkResponseBody" duration-ms="50" started-at="2020-08-03T20:22:07Z" finished-at="2020-08-03T20:22:07Z">
          <reporter-output>
          </reporter-output>
        </test-method> <!-- checkResponseBody -->
        <test-method status="PASS" signature="checkResponseTime()[pri:0, instance:com.RestAssuredFramework_Testcases.FrameworkTC.TC001_getAllEmployees@204f30ec]" name="checkResponseTime" duration-ms="10" started-at="2020-08-03T20:22:07Z" finished-at="2020-08-03T20:22:07Z">
          <reporter-output>
          </reporter-output>
        </test-method> <!-- checkResponseTime -->
        <test-method status="PASS" signature="checkServerType()[pri:0, instance:com.RestAssuredFramework_Testcases.FrameworkTC.TC001_getAllEmployees@204f30ec]" name="checkServerType" duration-ms="6" started-at="2020-08-03T20:22:07Z" finished-at="2020-08-03T20:22:07Z">
          <reporter-output>
          </reporter-output>
        </test-method> <!-- checkServerType -->
        <test-method status="PASS" signature="checkStatusCode()[pri:0, instance:com.RestAssuredFramework_Testcases.FrameworkTC.TC001_getAllEmployees@204f30ec]" name="checkStatusCode" duration-ms="5" started-at="2020-08-03T20:22:07Z" finished-at="2020-08-03T20:22:07Z">
          <reporter-output>
          </reporter-output>
        </test-method> <!-- checkStatusCode -->
        <test-method status="PASS" signature="checkStatusLine()[pri:0, instance:com.RestAssuredFramework_Testcases.FrameworkTC.TC001_getAllEmployees@204f30ec]" name="checkStatusLine" duration-ms="6" started-at="2020-08-03T20:22:07Z" finished-at="2020-08-03T20:22:07Z">
          <reporter-output>
          </reporter-output>
        </test-method> <!-- checkStatusLine -->
        <test-method status="PASS" signature="tearDown()[pri:0, instance:com.RestAssuredFramework_Testcases.FrameworkTC.TC001_getAllEmployees@204f30ec]" name="tearDown" is-config="true" duration-ms="1" started-at="2020-08-03T20:22:07Z" finished-at="2020-08-03T20:22:07Z">
          <reporter-output>
          </reporter-output>
        </test-method> <!-- tearDown -->
      </class> <!-- com.RestAssuredFramework_Testcases.FrameworkTC.TC001_getAllEmployees -->
      <class name="com.RestAssuredFramework_Testcases.FrameworkTC.TC002_getSingleEmployees">
        <test-method status="PASS" signature="setup()[pri:0, instance:com.RestAssuredFramework_Testcases.FrameworkTC.TC002_getSingleEmployees@e25b2fe]" name="setup" is-config="true" duration-ms="5" started-at="2020-08-03T20:22:07Z" finished-at="2020-08-03T20:22:07Z">
          <reporter-output>
          </reporter-output>
        </test-method> <!-- setup -->
        <test-method status="PASS" signature="getSingleEmployees()[pri:0, instance:com.RestAssuredFramework_Testcases.FrameworkTC.TC002_getSingleEmployees@e25b2fe]" name="getSingleEmployees" is-config="true" duration-ms="859" started-at="2020-08-03T20:22:07Z" finished-at="2020-08-03T20:22:08Z">
          <reporter-output>
          </reporter-output>
        </test-method> <!-- getSingleEmployees -->
        <test-method status="PASS" signature="checkContentEncoding()[pri:0, instance:com.RestAssuredFramework_Testcases.FrameworkTC.TC002_getSingleEmployees@e25b2fe]" name="checkContentEncoding" duration-ms="3" started-at="2020-08-03T20:22:08Z" finished-at="2020-08-03T20:22:08Z">
          <reporter-output>
          </reporter-output>
        </test-method> <!-- checkContentEncoding -->
        <test-method status="PASS" signature="checkContentLength()[pri:0, instance:com.RestAssuredFramework_Testcases.FrameworkTC.TC002_getSingleEmployees@e25b2fe]" name="checkContentLength" duration-ms="2" started-at="2020-08-03T20:22:08Z" finished-at="2020-08-03T20:22:08Z">
          <reporter-output>
          </reporter-output>
        </test-method> <!-- checkContentLength -->
        <test-method status="PASS" signature="checkContentType()[pri:0, instance:com.RestAssuredFramework_Testcases.FrameworkTC.TC002_getSingleEmployees@e25b2fe]" name="checkContentType" duration-ms="3" started-at="2020-08-03T20:22:08Z" finished-at="2020-08-03T20:22:08Z">
          <reporter-output>
          </reporter-output>
        </test-method> <!-- checkContentType -->
        <test-method status="PASS" signature="checkResponseBody()[pri:0, instance:com.RestAssuredFramework_Testcases.FrameworkTC.TC002_getSingleEmployees@e25b2fe]" name="checkResponseBody" duration-ms="5" started-at="2020-08-03T20:22:08Z" finished-at="2020-08-03T20:22:08Z">
          <reporter-output>
          </reporter-output>
        </test-method> <!-- checkResponseBody -->
        <test-method status="PASS" signature="checkResponseTime()[pri:0, instance:com.RestAssuredFramework_Testcases.FrameworkTC.TC002_getSingleEmployees@e25b2fe]" name="checkResponseTime" duration-ms="3" started-at="2020-08-03T20:22:08Z" finished-at="2020-08-03T20:22:08Z">
          <reporter-output>
          </reporter-output>
        </test-method> <!-- checkResponseTime -->
        <test-method status="PASS" signature="checkServerType()[pri:0, instance:com.RestAssuredFramework_Testcases.FrameworkTC.TC002_getSingleEmployees@e25b2fe]" name="checkServerType" duration-ms="3" started-at="2020-08-03T20:22:08Z" finished-at="2020-08-03T20:22:08Z">
          <reporter-output>
          </reporter-output>
        </test-method> <!-- checkServerType -->
        <test-method status="PASS" signature="checkStatusCode()[pri:0, instance:com.RestAssuredFramework_Testcases.FrameworkTC.TC002_getSingleEmployees@e25b2fe]" name="checkStatusCode" duration-ms="3" started-at="2020-08-03T20:22:08Z" finished-at="2020-08-03T20:22:08Z">
          <reporter-output>
          </reporter-output>
        </test-method> <!-- checkStatusCode -->
        <test-method status="PASS" signature="checkStatusLine()[pri:0, instance:com.RestAssuredFramework_Testcases.FrameworkTC.TC002_getSingleEmployees@e25b2fe]" name="checkStatusLine" duration-ms="3" started-at="2020-08-03T20:22:08Z" finished-at="2020-08-03T20:22:08Z">
          <reporter-output>
          </reporter-output>
        </test-method> <!-- checkStatusLine -->
        <test-method status="PASS" signature="tearDown()[pri:0, instance:com.RestAssuredFramework_Testcases.FrameworkTC.TC002_getSingleEmployees@e25b2fe]" name="tearDown" is-config="true" duration-ms="1" started-at="2020-08-03T20:22:08Z" finished-at="2020-08-03T20:22:08Z">
          <reporter-output>
          </reporter-output>
        </test-method> <!-- tearDown -->
      </class> <!-- com.RestAssuredFramework_Testcases.FrameworkTC.TC002_getSingleEmployees -->
      <class name="com.RestAssuredFramework_Testcases.FrameworkTC.TC003_Post_Employee_Record">
        <test-method status="PASS" signature="setup()[pri:0, instance:com.RestAssuredFramework_Testcases.FrameworkTC.TC003_Post_Employee_Record@754ba872]" name="setup" is-config="true" duration-ms="6" started-at="2020-08-03T20:22:08Z" finished-at="2020-08-03T20:22:08Z">
          <reporter-output>
          </reporter-output>
        </test-method> <!-- setup -->
        <test-method status="PASS" signature="getSingleEmployees()[pri:0, instance:com.RestAssuredFramework_Testcases.FrameworkTC.TC003_Post_Employee_Record@754ba872]" name="getSingleEmployees" is-config="true" duration-ms="5930" started-at="2020-08-03T20:22:08Z" finished-at="2020-08-03T20:22:14Z">
          <reporter-output>
          </reporter-output>
        </test-method> <!-- getSingleEmployees -->
        <test-method status="PASS" signature="checkContentType()[pri:0, instance:com.RestAssuredFramework_Testcases.FrameworkTC.TC003_Post_Employee_Record@754ba872]" name="checkContentType" duration-ms="3" started-at="2020-08-03T20:22:14Z" finished-at="2020-08-03T20:22:14Z">
          <reporter-output>
          </reporter-output>
        </test-method> <!-- checkContentType -->
        <test-method status="PASS" signature="checkResponseBody()[pri:0, instance:com.RestAssuredFramework_Testcases.FrameworkTC.TC003_Post_Employee_Record@754ba872]" name="checkResponseBody" duration-ms="3" started-at="2020-08-03T20:22:14Z" finished-at="2020-08-03T20:22:14Z">
          <reporter-output>
          </reporter-output>
        </test-method> <!-- checkResponseBody -->
        <test-method status="PASS" signature="checkResponseTime()[pri:0, instance:com.RestAssuredFramework_Testcases.FrameworkTC.TC003_Post_Employee_Record@754ba872]" name="checkResponseTime" duration-ms="6" started-at="2020-08-03T20:22:14Z" finished-at="2020-08-03T20:22:14Z">
          <reporter-output>
          </reporter-output>
        </test-method> <!-- checkResponseTime -->
        <test-method status="PASS" signature="checkServerType()[pri:0, instance:com.RestAssuredFramework_Testcases.FrameworkTC.TC003_Post_Employee_Record@754ba872]" name="checkServerType" duration-ms="3" started-at="2020-08-03T20:22:14Z" finished-at="2020-08-03T20:22:14Z">
          <reporter-output>
          </reporter-output>
        </test-method> <!-- checkServerType -->
        <test-method status="PASS" signature="checkStatusCode()[pri:0, instance:com.RestAssuredFramework_Testcases.FrameworkTC.TC003_Post_Employee_Record@754ba872]" name="checkStatusCode" duration-ms="4" started-at="2020-08-03T20:22:14Z" finished-at="2020-08-03T20:22:14Z">
          <reporter-output>
          </reporter-output>
        </test-method> <!-- checkStatusCode -->
        <test-method status="PASS" signature="checkStatusLine()[pri:0, instance:com.RestAssuredFramework_Testcases.FrameworkTC.TC003_Post_Employee_Record@754ba872]" name="checkStatusLine" duration-ms="3" started-at="2020-08-03T20:22:14Z" finished-at="2020-08-03T20:22:14Z">
          <reporter-output>
          </reporter-output>
        </test-method> <!-- checkStatusLine -->
        <test-method status="PASS" signature="tearDown()[pri:0, instance:com.RestAssuredFramework_Testcases.FrameworkTC.TC003_Post_Employee_Record@754ba872]" name="tearDown" is-config="true" duration-ms="1" started-at="2020-08-03T20:22:14Z" finished-at="2020-08-03T20:22:14Z">
          <reporter-output>
          </reporter-output>
        </test-method> <!-- tearDown -->
      </class> <!-- com.RestAssuredFramework_Testcases.FrameworkTC.TC003_Post_Employee_Record -->
      <class name="com.RestAssuredFramework_Testcases.FrameworkTC.TC004_Put_Employee_Record">
        <test-method status="PASS" signature="setup()[pri:0, instance:com.RestAssuredFramework_Testcases.FrameworkTC.TC004_Put_Employee_Record@146ba0ac]" name="setup" is-config="true" duration-ms="6" started-at="2020-08-03T20:22:14Z" finished-at="2020-08-03T20:22:14Z">
          <reporter-output>
          </reporter-output>
        </test-method> <!-- setup -->
        <test-method status="PASS" signature="getSingleEmployees()[pri:0, instance:com.RestAssuredFramework_Testcases.FrameworkTC.TC004_Put_Employee_Record@146ba0ac]" name="getSingleEmployees" is-config="true" duration-ms="8164" started-at="2020-08-03T20:22:14Z" finished-at="2020-08-03T20:22:22Z">
          <reporter-output>
          </reporter-output>
        </test-method> <!-- getSingleEmployees -->
        <test-method status="PASS" signature="checkContentType()[pri:0, instance:com.RestAssuredFramework_Testcases.FrameworkTC.TC004_Put_Employee_Record@146ba0ac]" name="checkContentType" duration-ms="3" started-at="2020-08-03T20:22:22Z" finished-at="2020-08-03T20:22:22Z">
          <reporter-output>
          </reporter-output>
        </test-method> <!-- checkContentType -->
        <test-method status="PASS" signature="checkResponseBody()[pri:0, instance:com.RestAssuredFramework_Testcases.FrameworkTC.TC004_Put_Employee_Record@146ba0ac]" name="checkResponseBody" duration-ms="3" started-at="2020-08-03T20:22:22Z" finished-at="2020-08-03T20:22:22Z">
          <reporter-output>
          </reporter-output>
        </test-method> <!-- checkResponseBody -->
        <test-method status="PASS" signature="checkResponseTime()[pri:0, instance:com.RestAssuredFramework_Testcases.FrameworkTC.TC004_Put_Employee_Record@146ba0ac]" name="checkResponseTime" duration-ms="2" started-at="2020-08-03T20:22:22Z" finished-at="2020-08-03T20:22:22Z">
          <reporter-output>
          </reporter-output>
        </test-method> <!-- checkResponseTime -->
        <test-method status="PASS" signature="checkServerType()[pri:0, instance:com.RestAssuredFramework_Testcases.FrameworkTC.TC004_Put_Employee_Record@146ba0ac]" name="checkServerType" duration-ms="2" started-at="2020-08-03T20:22:22Z" finished-at="2020-08-03T20:22:22Z">
          <reporter-output>
          </reporter-output>
        </test-method> <!-- checkServerType -->
        <test-method status="PASS" signature="checkStatusCode()[pri:0, instance:com.RestAssuredFramework_Testcases.FrameworkTC.TC004_Put_Employee_Record@146ba0ac]" name="checkStatusCode" duration-ms="3" started-at="2020-08-03T20:22:22Z" finished-at="2020-08-03T20:22:22Z">
          <reporter-output>
          </reporter-output>
        </test-method> <!-- checkStatusCode -->
        <test-method status="PASS" signature="checkStatusLine()[pri:0, instance:com.RestAssuredFramework_Testcases.FrameworkTC.TC004_Put_Employee_Record@146ba0ac]" name="checkStatusLine" duration-ms="3" started-at="2020-08-03T20:22:22Z" finished-at="2020-08-03T20:22:22Z">
          <reporter-output>
          </reporter-output>
        </test-method> <!-- checkStatusLine -->
        <test-method status="PASS" signature="tearDown()[pri:0, instance:com.RestAssuredFramework_Testcases.FrameworkTC.TC004_Put_Employee_Record@146ba0ac]" name="tearDown" is-config="true" duration-ms="1" started-at="2020-08-03T20:22:22Z" finished-at="2020-08-03T20:22:22Z">
          <reporter-output>
          </reporter-output>
        </test-method> <!-- tearDown -->
      </class> <!-- com.RestAssuredFramework_Testcases.FrameworkTC.TC004_Put_Employee_Record -->
    </test> <!-- restassuredtests -->
  </suite> <!-- restassuredtestsuit -->
</testng-results>
