<?xml version="1.0" encoding="UTF-8"?>
<!-- Generated by org.testng.reporters.JUnitXMLReporter -->
<testsuite hostname="LBNL11443" ignored="0" name="restassuredtests" tests="28" failures="0" timestamp="03 Aug 2020 20:22:22 GMT" time="20.535" errors="0">
  <testcase name="checkContentEncoding" time="0.012" classname="com.RestAssuredFramework_Testcases.FrameworkTC.TC001_getAllEmployees"/>
  <testcase name="checkContentLength" time="0.003" classname="com.RestAssuredFramework_Testcases.FrameworkTC.TC001_getAllEmployees"/>
  <testcase name="checkContentType" time="0.005" classname="com.RestAssuredFramework_Testcases.FrameworkTC.TC001_getAllEmployees"/>
  <testcase name="checkResponseBody" time="0.05" classname="com.RestAssuredFramework_Testcases.FrameworkTC.TC001_getAllEmployees"/>
  <testcase name="checkResponseTime" time="0.01" classname="com.RestAssuredFramework_Testcases.FrameworkTC.TC001_getAllEmployees"/>
  <testcase name="checkServerType" time="0.006" classname="com.RestAssuredFramework_Testcases.FrameworkTC.TC001_getAllEmployees"/>
  <testcase name="checkStatusCode" time="0.005" classname="com.RestAssuredFramework_Testcases.FrameworkTC.TC001_getAllEmployees"/>
  <testcase name="checkStatusLine" time="0.006" classname="com.RestAssuredFramework_Testcases.FrameworkTC.TC001_getAllEmployees"/>
  <testcase name="checkContentEncoding" time="0.003" classname="com.RestAssuredFramework_Testcases.FrameworkTC.TC002_getSingleEmployees"/>
  <testcase name="checkContentLength" time="0.002" classname="com.RestAssuredFramework_Testcases.FrameworkTC.TC002_getSingleEmployees"/>
  <testcase name="checkContentType" time="0.003" classname="com.RestAssuredFramework_Testcases.FrameworkTC.TC002_getSingleEmployees"/>
  <testcase name="checkResponseBody" time="0.005" classname="com.RestAssuredFramework_Testcases.FrameworkTC.TC002_getSingleEmployees"/>
  <testcase name="checkResponseTime" time="0.003" classname="com.RestAssuredFramework_Testcases.FrameworkTC.TC002_getSingleEmployees"/>
  <testcase name="checkServerType" time="0.003" classname="com.RestAssuredFramework_Testcases.FrameworkTC.TC002_getSingleEmployees"/>
  <testcase name="checkStatusCode" time="0.003" classname="com.RestAssuredFramework_Testcases.FrameworkTC.TC002_getSingleEmployees"/>
  <testcase name="checkStatusLine" time="0.003" classname="com.RestAssuredFramework_Testcases.FrameworkTC.TC002_getSingleEmployees"/>
  <testcase name="checkContentType" time="0.003" classname="com.RestAssuredFramework_Testcases.FrameworkTC.TC003_Post_Employee_Record"/>
  <testcase name="checkResponseBody" time="0.003" classname="com.RestAssuredFramework_Testcases.FrameworkTC.TC003_Post_Employee_Record"/>
  <testcase name="checkResponseTime" time="0.006" classname="com.RestAssuredFramework_Testcases.FrameworkTC.TC003_Post_Employee_Record"/>
  <testcase name="checkServerType" time="0.003" classname="com.RestAssuredFramework_Testcases.FrameworkTC.TC003_Post_Employee_Record"/>
  <testcase name="checkStatusCode" time="0.004" classname="com.RestAssuredFramework_Testcases.FrameworkTC.TC003_Post_Employee_Record"/>
  <testcase name="checkStatusLine" time="0.003" classname="com.RestAssuredFramework_Testcases.FrameworkTC.TC003_Post_Employee_Record"/>
  <testcase name="checkContentType" time="0.003" classname="com.RestAssuredFramework_Testcases.FrameworkTC.TC004_Put_Employee_Record"/>
  <testcase name="checkResponseBody" time="0.003" classname="com.RestAssuredFramework_Testcases.FrameworkTC.TC004_Put_Employee_Record"/>
  <testcase name="checkResponseTime" time="0.002" classname="com.RestAssuredFramework_Testcases.FrameworkTC.TC004_Put_Employee_Record"/>
  <testcase name="checkServerType" time="0.002" classname="com.RestAssuredFramework_Testcases.FrameworkTC.TC004_Put_Employee_Record"/>
  <testcase name="checkStatusCode" time="0.003" classname="com.RestAssuredFramework_Testcases.FrameworkTC.TC004_Put_Employee_Record"/>
  <testcase name="checkStatusLine" time="0.003" classname="com.RestAssuredFramework_Testcases.FrameworkTC.TC004_Put_Employee_Record"/>
</testsuite> <!-- restassuredtests -->
